Determining if the pthread_create exist failed with the following output:
Change Dir: /home/communicationgroup/catkin_ws/src/depth2cloudV0.1/build/CMakeFiles/CMakeTmp

Run Build Command:"/usr/bin/make" "cmTC_300ae/fast"
/usr/bin/make -f CMakeFiles/cmTC_300ae.dir/build.make CMakeFiles/cmTC_300ae.dir/build
make[1]: Entering directory '/home/communicationgroup/catkin_ws/src/depth2cloudV0.1/build/CMakeFiles/CMakeTmp'
Building C object CMakeFiles/cmTC_300ae.dir/CheckSymbolExists.c.o
/usr/bin/cc     -o CMakeFiles/cmTC_300ae.dir/CheckSymbolExists.c.o   -c /home/communicationgroup/catkin_ws/src/depth2cloudV0.1/build/CMakeFiles/CMakeTmp/CheckSymbolExists.c
Linking C executable cmTC_300ae
/usr/bin/cmake -E cmake_link_script CMakeFiles/cmTC_300ae.dir/link.txt --verbose=1
/usr/bin/cc       CMakeFiles/cmTC_300ae.dir/CheckSymbolExists.c.o  -o cmTC_300ae -rdynamic 
CMakeFiles/cmTC_300ae.dir/CheckSymbolExists.c.o: In function `main':
CheckSymbolExists.c:(.text+0x16): undefined reference to `pthread_create'
collect2: error: ld returned 1 exit status
CMakeFiles/cmTC_300ae.dir/build.make:97: recipe for target 'cmTC_300ae' failed
make[1]: *** [cmTC_300ae] Error 1
make[1]: Leaving directory '/home/communicationgroup/catkin_ws/src/depth2cloudV0.1/build/CMakeFiles/CMakeTmp'
Makefile:126: recipe for target 'cmTC_300ae/fast' failed
make: *** [cmTC_300ae/fast] Error 2

File /home/communicationgroup/catkin_ws/src/depth2cloudV0.1/build/CMakeFiles/CMakeTmp/CheckSymbolExists.c:
/* */
#include <pthread.h>

int main(int argc, char** argv)
{
  (void)argv;
#ifndef pthread_create
  return ((int*)(&pthread_create))[argc];
#else
  (void)argc;
  return 0;
#endif
}

Determining if the function pthread_create exists in the pthreads failed with the following output:
Change Dir: /home/communicationgroup/catkin_ws/src/depth2cloudV0.1/build/CMakeFiles/CMakeTmp

Run Build Command:"/usr/bin/make" "cmTC_d59fe/fast"
/usr/bin/make -f CMakeFiles/cmTC_d59fe.dir/build.make CMakeFiles/cmTC_d59fe.dir/build
make[1]: Entering directory '/home/communicationgroup/catkin_ws/src/depth2cloudV0.1/build/CMakeFiles/CMakeTmp'
Building C object CMakeFiles/cmTC_d59fe.dir/CheckFunctionExists.c.o
/usr/bin/cc    -DCHECK_FUNCTION_EXISTS=pthread_create   -o CMakeFiles/cmTC_d59fe.dir/CheckFunctionExists.c.o   -c /usr/share/cmake-3.5/Modules/CheckFunctionExists.c
Linking C executable cmTC_d59fe
/usr/bin/cmake -E cmake_link_script CMakeFiles/cmTC_d59fe.dir/link.txt --verbose=1
/usr/bin/cc   -DCHECK_FUNCTION_EXISTS=pthread_create    CMakeFiles/cmTC_d59fe.dir/CheckFunctionExists.c.o  -o cmTC_d59fe -rdynamic -lpthreads 
/usr/bin/ld: cannot find -lpthreads
collect2: error: ld returned 1 exit status
CMakeFiles/cmTC_d59fe.dir/build.make:97: recipe for target 'cmTC_d59fe' failed
make[1]: *** [cmTC_d59fe] Error 1
make[1]: Leaving directory '/home/communicationgroup/catkin_ws/src/depth2cloudV0.1/build/CMakeFiles/CMakeTmp'
Makefile:126: recipe for target 'cmTC_d59fe/fast' failed
make: *** [cmTC_d59fe/fast] Error 2


